<?xml version="1.0" encoding="UTF-8"?><testsuite failures="5" name="cucumber.runtime.formatter.JUnitFormatter" skipped="0" tests="5" time="0.093506">
<testcase classname="MS Demo Test" name="MS test scenario 1 - - verify valid search - results found" time="0.092615">
<failure message="java.lang.NullPointerException&#13;&#10;&#9;at ctest.features.StepDefinitions.goToUrl(Unknown Source)&#13;&#10;&#9;at ✽.Given go to &quot;http://www.marksandspencer.com/&quot;(ctest/features/test.feature:4)&#13;&#10;"><![CDATA[Given go to "http://www.marksandspencer.com/"...............................failed
When search for "Socks".....................................................skipped
Then verify found items.....................................................skipped

StackTrace:
java.lang.NullPointerException
	at ctest.features.StepDefinitions.goToUrl(Unknown Source)
	at ✽.Given go to "http://www.marksandspencer.com/"(ctest/features/test.feature:4)
]]></failure>
</testcase>
<testcase classname="MS Demo Test" name="MS test scenario 2 - verify valid search - results found" time="0.000223">
<failure message="java.lang.NullPointerException&#13;&#10;&#9;at ctest.features.StepDefinitions.goToUrl(Unknown Source)&#13;&#10;&#9;at ✽.Given go to &quot;http://www.marksandspencer.com/&quot;(ctest/features/test.feature:10)&#13;&#10;"><![CDATA[Given go to "http://www.marksandspencer.com/"...............................failed
When search for "shoes".....................................................skipped
Then verify found items.....................................................skipped

StackTrace:
java.lang.NullPointerException
	at ctest.features.StepDefinitions.goToUrl(Unknown Source)
	at ✽.Given go to "http://www.marksandspencer.com/"(ctest/features/test.feature:10)
]]></failure>
</testcase>
<testcase classname="MS Demo Test" name="MS test scenario 3 - verify invalid search - no results" time="0.000226">
<failure message="java.lang.NullPointerException&#13;&#10;&#9;at ctest.features.StepDefinitions.goToUrl(Unknown Source)&#13;&#10;&#9;at ✽.Given go to &quot;http://www.marksandspencer.com/&quot;(ctest/features/test.feature:15)&#13;&#10;"><![CDATA[Given go to "http://www.marksandspencer.com/"...............................failed
When search for "asasasa"...................................................skipped
Then verify not found items.................................................skipped

StackTrace:
java.lang.NullPointerException
	at ctest.features.StepDefinitions.goToUrl(Unknown Source)
	at ✽.Given go to "http://www.marksandspencer.com/"(ctest/features/test.feature:15)
]]></failure>
</testcase>
<testcase classname="MS Demo Test" name="MS test scenario 4 - verify successful login" time="0.000215">
<failure message="java.lang.NullPointerException&#13;&#10;&#9;at ctest.features.StepDefinitions.goToUrl(Unknown Source)&#13;&#10;&#9;at ✽.Given go to &quot;http://www.marksandspencer.com/&quot;(ctest/features/test.feature:20)&#13;&#10;"><![CDATA[Given go to "http://www.marksandspencer.com/"...............................failed
When sign-in with credentials: "mstest@mailinator.com" "test1234"...........skipped
Then verify log in: "test"..................................................skipped

StackTrace:
java.lang.NullPointerException
	at ctest.features.StepDefinitions.goToUrl(Unknown Source)
	at ✽.Given go to "http://www.marksandspencer.com/"(ctest/features/test.feature:20)
]]></failure>
</testcase>
<testcase classname="MS Demo Test" name="MS test scenario 5 - verify failed login" time="0.000227">
<failure message="java.lang.NullPointerException&#13;&#10;&#9;at ctest.features.StepDefinitions.goToUrl(Unknown Source)&#13;&#10;&#9;at ✽.Given go to &quot;http://www.marksandspencer.com/&quot;(ctest/features/test.feature:25)&#13;&#10;"><![CDATA[Given go to "http://www.marksandspencer.com/"...............................failed
When sign-in with credentials: "test@mailinator.com" "test1234".............skipped
Then verify log in failed...................................................skipped

StackTrace:
java.lang.NullPointerException
	at ctest.features.StepDefinitions.goToUrl(Unknown Source)
	at ✽.Given go to "http://www.marksandspencer.com/"(ctest/features/test.feature:25)
]]></failure>
</testcase>
</testsuite>
